<?xml version="1.0" encoding="UTF-8"?>
<testsuite xmlns:xsi="http://www.w3.org/2001/XMLSchema-instance" xsi:noNamespaceSchemaLocation="https://maven.apache.org/surefire/maven-surefire-plugin/xsd/surefire-test-report.xsd" version="3.0.2" name="com.zextras.carbonio.preview.sdk.PreviewClientTest" time="0.384" tests="7" errors="0" skipped="0" failures="0" flakes="0">
  <properties>
[...]
</properties>
  <testcase name="getPreviewOfImage_notFoundThrowsPreviewException" classname="com.zextras.carbonio.preview.sdk.PreviewClientTest" time="0.302"/>
  <testcase name="getPreviewOfPdf_returnsCorrectBytesAndMetadata" classname="com.zextras.carbonio.preview.sdk.PreviewClientTest" time="0.021"/>
  <testcase name="getThumbnailOfImage_returnsCorrectBytesAndMetadata" classname="com.zextras.carbonio.preview.sdk.PreviewClientTest" time="0.004"/>
  <testcase name="postPreviewOfImage_serverReceivesExactBytes" classname="com.zextras.carbonio.preview.sdk.PreviewClientTest" time="0.011"/>
  <testcase name="healthReady_returnsTrue_whenServerServing" classname="com.zextras.carbonio.preview.sdk.PreviewClientTest" time="0.009"/>
  <testcase name="getPreviewOfDocument_returnsCorrectBytesAndMetadata" classname="com.zextras.carbonio.preview.sdk.PreviewClientTest" time="0.003"/>
  <testcase name="getPreviewOfImage_returnsCorrectBytesAndMetadata" classname="com.zextras.carbonio.preview.sdk.PreviewClientTest" time="0.002"/>
</testsuite>